2025-04-02 17:23:50 - INFO - ==============================
2025-04-02 17:23:50 - INFO - Starting Automated Scrape Task
2025-04-02 17:23:50 - INFO - Download replays: Disabled
2025-04-02 17:23:50 - INFO - ==============================
2025-04-02 17:23:50 - INFO - Step 1: Loading existing game data...
2025-04-02 17:23:50 - INFO - Loading existing games data from basil_ladder_games.csv
2025-04-02 17:23:50 - INFO - Loaded 3606 games from existing database.
2025-04-02 17:23:50 - INFO - Step 2: Skipping syncing replay status.
2025-04-02 17:23:50 - INFO - Step 3: Fetching bot ratings...
2025-04-02 17:23:50 - INFO - Fetching master rating list from https://data.basil-ladder.net/stats/ranking.json...
2025-04-02 17:23:51 - INFO - Successfully loaded ratings for 290 bots from JSON.
2025-04-02 17:23:51 - INFO - Step 4: Extracting new games from BASIL ladder...
2025-04-02 17:23:51 - INFO - Fetching latest games from BASIL Ladder (Last 24h)...
2025-04-02 17:24:12 - INFO - Navigating to https://basil.bytekeeper.org/...
2025-04-02 17:24:13 - INFO - Waiting for page to load...
2025-04-02 17:24:14 - INFO - Clicking 'Last 24h' button...
2025-04-02 17:24:17 - INFO - Found 1244 games in the table
2025-04-02 17:25:24 - INFO - Browser closed.
2025-04-02 17:25:24 - INFO - Extracted data for 1244 games from the page.
2025-04-02 17:25:24 - INFO - Step 5: Updating games database with new games...
2025-04-02 17:25:24 - INFO - Attempting to update game database with newly scraped games...
2025-04-02 17:25:24 - INFO - Existing games in database: 3606
2025-04-02 17:25:24 - INFO - New games scraped: 1244
2025-04-02 17:25:26 - INFO - Found and skipped 1052 duplicate game(s) already present in the database.
2025-04-02 17:25:26 - INFO - Found 192 new unique games.
2025-04-02 17:25:26 - INFO - Database size: 3606 -> 3798 (+192)
2025-04-02 17:25:26 - INFO - Database saved successfully to basil_ladder_games.csv
2025-04-02 17:25:26 - INFO - Step 6: Skipping replay download.
2025-04-02 17:25:26 - INFO - ==============================
2025-04-02 17:25:26 - INFO - Automated Scrape Task Finished
2025-04-02 17:25:26 - INFO - Outcome: SUCCESS
2025-04-02 17:25:26 - INFO - Total Duration: 95.99 seconds
2025-04-02 17:25:26 - INFO - ==============================
2025-04-02 17:35:09 - INFO - ==============================
2025-04-02 17:35:09 - INFO - Starting Automated Scrape Task
2025-04-02 17:35:09 - INFO - Download replays: Disabled
2025-04-02 17:35:09 - INFO - ==============================
2025-04-02 17:35:09 - INFO - Step 1: Loading existing game data...
2025-04-02 17:35:09 - INFO - Loading existing games data from basil_ladder_games.csv
2025-04-02 17:35:09 - INFO - Loaded 3798 games from existing database.
2025-04-02 17:35:09 - INFO - Step 2: Skipping syncing replay status.
2025-04-02 17:35:09 - INFO - Step 3: Fetching bot ratings...
2025-04-02 17:35:09 - INFO - Fetching master rating list from https://data.basil-ladder.net/stats/ranking.json...
2025-04-02 17:35:09 - INFO - Successfully loaded ratings for 290 bots from JSON.
2025-04-02 17:35:09 - INFO - Step 4: Extracting new games from BASIL ladder...
2025-04-02 17:35:09 - INFO - Fetching latest games from BASIL Ladder (Last 24h)...
2025-04-02 17:35:36 - INFO - Navigating to https://basil.bytekeeper.org/...
2025-04-02 17:35:39 - INFO - Waiting for page to load...
2025-04-02 17:35:40 - INFO - Clicking 'Last 24h' button...
2025-04-02 17:35:43 - INFO - Found 1244 games in the table
2025-04-02 17:36:50 - INFO - Browser closed.
2025-04-02 17:36:50 - INFO - Extracted data for 1244 games from the page.
2025-04-02 17:36:50 - INFO - Step 5: Updating games database with new games...
2025-04-02 17:36:50 - INFO - Attempting to update game database with newly scraped games...
2025-04-02 17:36:50 - INFO - Existing games in database: 3798
2025-04-02 17:36:50 - INFO - New games scraped: 1244
2025-04-02 17:36:52 - INFO - Found and skipped 1242 duplicate game(s) already present in the database.
2025-04-02 17:36:52 - INFO - Found 2 new unique games.
2025-04-02 17:36:52 - INFO - Database size: 3798 -> 3800 (+2)
2025-04-02 17:36:52 - INFO - Database saved successfully to basil_ladder_games.csv
2025-04-02 17:36:52 - INFO - Step 6: Skipping replay download.
2025-04-02 17:36:52 - INFO - ==============================
2025-04-02 17:36:52 - INFO - Automated Scrape Task Finished
2025-04-02 17:36:52 - INFO - Outcome: SUCCESS
2025-04-02 17:36:52 - INFO - Total Duration: 103.23 seconds
2025-04-02 17:36:52 - INFO - ==============================
2025-04-02 18:31:24 - INFO - ==============================
2025-04-02 18:31:24 - INFO - Starting Automated Scrape Task
2025-04-02 18:31:24 - INFO - Download replays: Disabled
2025-04-02 18:31:24 - INFO - ==============================
2025-04-02 18:31:24 - INFO - Step 1: Loading existing game data...
2025-04-02 18:31:24 - INFO - Loading existing games data from basil_ladder_games.csv
2025-04-02 18:31:25 - INFO - Loaded 3797 games from existing database.
2025-04-02 18:31:25 - INFO - Step 2: Skipping syncing replay status.
2025-04-02 18:31:25 - INFO - Step 3: Fetching bot ratings...
2025-04-02 18:31:25 - INFO - Fetching master rating list from https://data.basil-ladder.net/stats/ranking.json...
2025-04-02 18:31:25 - INFO - Successfully loaded ratings for 290 bots from JSON.
2025-04-02 18:31:25 - INFO - Step 4: Extracting new games from BASIL ladder...
2025-04-02 18:31:25 - INFO - Fetching latest games from BASIL Ladder (Last 24h)...
2025-04-02 18:31:34 - INFO - Navigating to https://basil.bytekeeper.org/...
2025-04-02 18:31:35 - INFO - Waiting for page to load...
2025-04-02 18:31:35 - INFO - Clicking 'Last 24h' button...
2025-04-02 18:31:39 - INFO - Found 1258 games in the table
2025-04-02 18:32:46 - INFO - Browser closed.
2025-04-02 18:32:46 - INFO - Extracted data for 1258 games from the page.
2025-04-02 18:32:46 - INFO - Step 5: Updating games database with new games...
2025-04-02 18:32:46 - INFO - Attempting to update game database with newly scraped games...
2025-04-02 18:32:46 - INFO - Existing games in database: 3797
2025-04-02 18:32:46 - INFO - New games scraped: 1258
2025-04-02 18:32:49 - INFO - Found and skipped 1226 duplicate game(s) already present in the database.
2025-04-02 18:32:49 - INFO - Found 32 new unique games.
2025-04-02 18:32:49 - INFO - Database size: 3797 -> 3829 (+32)
2025-04-02 18:32:49 - INFO - Database saved successfully to basil_ladder_games.csv
2025-04-02 18:32:49 - INFO - Step 6: Skipping replay download.
2025-04-02 18:32:49 - INFO - ==============================
2025-04-02 18:32:49 - INFO - Automated Scrape Task Finished
2025-04-02 18:32:49 - INFO - Outcome: SUCCESS
2025-04-02 18:32:49 - INFO - Total Duration: 84.52 seconds
2025-04-02 18:32:49 - INFO - ==============================
2025-04-02 20:09:32 - INFO - ==============================
2025-04-02 20:09:32 - INFO - Starting Automated Scrape Task
2025-04-02 20:09:32 - INFO - Download replays: Disabled
2025-04-02 20:09:32 - INFO - ==============================
2025-04-02 20:09:32 - INFO - Step 1: Loading existing game data...
2025-04-02 20:09:32 - INFO - Loading existing games data from basil_ladder_games.csv
2025-04-02 20:09:32 - INFO - Loaded 3829 games from existing database.
2025-04-02 20:09:32 - INFO - Step 2: Skipping syncing replay status.
2025-04-02 20:09:32 - INFO - Step 3: Fetching bot ratings...
2025-04-02 20:09:32 - INFO - Fetching master rating list from https://data.basil-ladder.net/stats/ranking.json...
2025-04-02 20:09:32 - INFO - Successfully loaded ratings for 290 bots from JSON.
2025-04-02 20:09:32 - INFO - Step 4: Extracting new games from BASIL ladder...
2025-04-02 20:09:32 - INFO - Fetching latest games from BASIL Ladder (Last 24h)...
2025-04-02 20:09:39 - INFO - Navigating to https://basil.bytekeeper.org/...
2025-04-02 20:09:39 - INFO - Waiting for page to load...
2025-04-02 20:09:39 - INFO - Clicking 'Last 24h' button...
2025-04-02 20:09:43 - INFO - Found 1271 games in the table
2025-04-02 20:10:51 - INFO - Browser closed.
2025-04-02 20:10:51 - INFO - Extracted data for 1271 games from the page.
2025-04-02 20:10:51 - INFO - Step 5: Updating games database with new games...
2025-04-02 20:10:51 - INFO - Attempting to update game database with newly scraped games...
2025-04-02 20:10:51 - INFO - Existing games in database: 3829
2025-04-02 20:10:51 - INFO - New games scraped: 1271
2025-04-02 20:10:54 - INFO - Found and skipped 1153 duplicate game(s) already present in the database.
2025-04-02 20:10:54 - INFO - Found 118 new unique games.
2025-04-02 20:10:54 - INFO - Database size: 3829 -> 3947 (+118)
2025-04-02 20:10:54 - INFO - Database saved successfully to basil_ladder_games.csv
2025-04-02 20:10:54 - INFO - Step 6: Skipping replay download.
2025-04-02 20:10:54 - INFO - ==============================
2025-04-02 20:10:54 - INFO - Automated Scrape Task Finished
2025-04-02 20:10:54 - INFO - Outcome: SUCCESS
2025-04-02 20:10:54 - INFO - Total Duration: 81.93 seconds
2025-04-02 20:10:54 - INFO - ==============================
